[35m[Appium][39m Welcome to Appium v1.8.1
[35m[Appium][39m Non-default server args:
[35m[Appium][39m   port: 62231
[35m[Appium][39m   loglevel: info
[35m[Appium][39m   chromeDriverPort: 62232
[35m[Appium][39m   tmpDir: C:\Users\User\AppData\Local\Temp\\Katalon\Appium\Temp1542645000350
[35m[Appium][39m Appium REST http interface listener started on 0.0.0.0:62231
[35m[HTTP][39m [37m-->[39m [37mGET[39m [37m/wd/hub/status[39m
[35m[HTTP][39m [90m{}[39m
[35m[HTTP][39m [37m<-- GET /wd/hub/status [39m[32m200[39m [90m11 ms - 83[39m
[35m[HTTP][39m [90m[39m
[35m[HTTP][39m [37m-->[39m [37mGET[39m [37m/wd/hub/status[39m
[35m[HTTP][39m [90m{}[39m
[35m[HTTP][39m [37m<-- GET /wd/hub/status [39m[32m200[39m [90m4 ms - 83[39m
[35m[HTTP][39m [90m[39m
[35m[HTTP][39m [37m-->[39m [37mPOST[39m [37m/wd/hub/session[39m
[35m[HTTP][39m [90m{"desiredCapabilities":{"app":"C:\\Users\\User\\Downloads\\app-debug-RCH-3012 (1).apk","autoGrantPermissions":true,"deviceId":"","deviceName":"samsung SM-G920V (Android 5.1.1)","fullReset":false,"newCommandTimeout":1800,"noReset":true,"platform":"ANDROID","platformName":"Android","udid":"05157df5c49ea339"},"capabilities":{"desiredCapabilities":{"app":"C:\\Users\\User\\Downloads\\app-debug-RCH-3012 (1).apk","autoGrantPermissions":true,"deviceId":"","deviceName":"samsung SM-G920V (Android 5.1.1)","fullReset":false,"newCommandTimeout":1800,"noReset":true,"platform":"ANDROID","platformName":"Android","udid":"05157df5c49ea339"},"firstMatch":[{"platformName":"android"}]}}[39m
[35m[Appium][39m Could not parse W3C capabilities: 'deviceName' can't be blank. Falling back to JSONWP protocol.
[35m[Appium][39m The following capabilities were provided in the JSONWP desired capabilities that are missing in W3C capabilities: ["app","autoGrantPermissions","deviceId","deviceName","fullReset","newCommandTimeout","noReset","platform","platformName","udid"]. Falling back to JSONWP protocol.
[35m[Appium][39m Creating new AndroidDriver (v2.7.0) session
[35m[Appium][39m Capabilities:
[35m[Appium][39m   app: C:\Users\User\Downloads\app-debug-RCH-3012 (1).apk
[35m[Appium][39m   autoGrantPermissions: true
[35m[Appium][39m   deviceId: 
[35m[Appium][39m   deviceName: samsung SM-G920V (Android 5.1.1)
[35m[Appium][39m   fullReset: false
[35m[Appium][39m   newCommandTimeout: 1800
[35m[Appium][39m   noReset: true
[35m[Appium][39m   platform: ANDROID
[35m[Appium][39m   platformName: Android
[35m[Appium][39m   udid: 05157df5c49ea339
[35m[BaseDriver][39m The following capabilities were provided, but are not recognized by appium: deviceId, platform.
[35m[BaseDriver][39m Session created with session id: e7ee2d0f-16fd-4995-b9af-34f382341d9f
[35m[AndroidDriver][39m Java version is: 1.8.0_181
[35m[ADB][39m Checking whether adb is present
[35m[ADB][39m Found 1 'build-tools' folders under 'C:\Users\User\.katalon\tools\android_sdk' (newest first):
[35m[ADB][39m     C:/Users/User/.katalon/tools/android_sdk/build-tools/28.0.2
[35m[ADB][39m Using adb.exe from C:\Users\User\.katalon\tools\android_sdk\platform-tools\adb.exe
[35m[AndroidDriver][39m Retrieving device list
[35m[AndroidDriver][39m Using device: 05157df5c49ea339
[35m[BaseDriver][39m Using local app 'C:\Users\User\Downloads\app-debug-RCH-3012 (1).apk'
[35m[AndroidDriver][39m Starting Android session
[35m[ADB][39m Checking whether aapt is present
[35m[ADB][39m Using aapt.exe from C:\Users\User\.katalon\tools\android_sdk\build-tools\28.0.2\aapt.exe
[35m[AndroidDriver][39m setDeviceLanguageCountry requires language or country.
[35m[AndroidDriver][39m Got language: 'null' and country: 'null'
[35m[ADB][39m Getting device platform version
[35m[ADB][39m Using the alternative activity name detection method because of: Could not find apkanalyzer.bat in C:\Users\User\.katalon\tools\android_sdk\platform-tools\apkanalyzer.bat,C:\Users\User\.katalon\tools\android_sdk\emulator\apkanalyzer.bat,C:\Users\User\.katalon\tools\android_sdk\tools\apkanalyzer.bat,C:\Users\User\.katalon\tools\android_sdk\tools\bin\apkanalyzer.bat,C:\Users\User\.katalon\tools\android_sdk\build-tools\28.0.2\apkanalyzer.bat. Do you have the Android SDK installed at 'C:\Users\User\.katalon\tools\android_sdk'?
[35m[ADB][39m Extracting package and launch activity from manifest
[35m[ADB][39m Package name: 'com.findreach.android.debug'
[35m[ADB][39m Main activity name: 'com.findreach.android.activities.SplashActivity'
[35m[ADB][39m Successfully extracted 1106 strings from 'C:\Users\User\Downloads\app-debug-RCH-3012 (1).apk' resources for '(default)' configuration
[35m[ADB][39m No uiautomator process found to kill, continuing...
[35m[AndroidBootstrap][39m Android bootstrap socket is now connected
[35m[AndroidDriver][39m Screen already unlocked, doing nothing
[35m[Appium][39m New AndroidDriver session created successfully, session e7ee2d0f-16fd-4995-b9af-34f382341d9f added to master session list
[35m[HTTP][39m [37m<-- POST /wd/hub/session [39m[32m200[39m [90m12287 ms - 1177[39m
[35m[HTTP][39m [90m[39m
[35m[HTTP][39m [37m-->[39m [37mGET[39m [37m/wd/hub/status[39m
[35m[HTTP][39m [90m{}[39m
[35m[HTTP][39m [37m<-- GET /wd/hub/status [39m[32m200[39m [90m5 ms - 55[39m
[35m[HTTP][39m [90m[39m
[35m[HTTP][39m [37m-->[39m [37mPOST[39m [37m/wd/hub/session/e7ee2d0f-16fd-4995-b9af-34f382341d9f/timeouts[39m
[35m[HTTP][39m [90m{"type":"implicit","ms":60000}[39m
[35m[HTTP][39m [37m<-- POST /wd/hub/session/e7ee2d0f-16fd-4995-b9af-34f382341d9f/timeouts [39m[33m400[39m [90m17 ms - 5276[39m
[35m[HTTP][39m [90m[39m
[35m[HTTP][39m [37m-->[39m [37mGET[39m [37m/wd/hub/session/e7ee2d0f-16fd-4995-b9af-34f382341d9f/source[39m
[35m[HTTP][39m [90m{}[39m
[35m[HTTP][39m [37m<-- GET /wd/hub/session/e7ee2d0f-16fd-4995-b9af-34f382341d9f/source [39m[32m200[39m [90m175 ms - 2782[39m
[35m[HTTP][39m [90m[39m
[35m[HTTP][39m [37m-->[39m [37mGET[39m [37m/wd/hub/session/e7ee2d0f-16fd-4995-b9af-34f382341d9f/screenshot[39m
[35m[HTTP][39m [90m{}[39m
[35m[HTTP][39m [37m<-- GET /wd/hub/session/e7ee2d0f-16fd-4995-b9af-34f382341d9f/screenshot [39m[32m200[39m [90m2247 ms - 256242[39m
[35m[HTTP][39m [90m[39m
[35m[HTTP][39m [37m-->[39m [37mGET[39m [37m/wd/hub/session/e7ee2d0f-16fd-4995-b9af-34f382341d9f/source[39m
[35m[HTTP][39m [90m{}[39m
[35m[HTTP][39m [37m<-- GET /wd/hub/session/e7ee2d0f-16fd-4995-b9af-34f382341d9f/source [39m[32m200[39m [90m169 ms - 36341[39m
[35m[HTTP][39m [90m[39m
[35m[HTTP][39m [37m-->[39m [37mGET[39m [37m/wd/hub/session/e7ee2d0f-16fd-4995-b9af-34f382341d9f/screenshot[39m
[35m[HTTP][39m [90m{}[39m
[35m[HTTP][39m [37m<-- GET /wd/hub/session/e7ee2d0f-16fd-4995-b9af-34f382341d9f/screenshot [39m[32m200[39m [90m1919 ms - 413978[39m
[35m[HTTP][39m [90m[39m
[35m[HTTP][39m [37m-->[39m [37mGET[39m [37m/wd/hub/session/e7ee2d0f-16fd-4995-b9af-34f382341d9f/source[39m
[35m[HTTP][39m [90m{}[39m
[35m[HTTP][39m [37m<-- GET /wd/hub/session/e7ee2d0f-16fd-4995-b9af-34f382341d9f/source [39m[32m200[39m [90m102 ms - 6388[39m
[35m[HTTP][39m [90m[39m
[35m[HTTP][39m [37m-->[39m [37mGET[39m [37m/wd/hub/session/e7ee2d0f-16fd-4995-b9af-34f382341d9f/screenshot[39m
[35m[HTTP][39m [90m{}[39m
[35m[HTTP][39m [37m<-- GET /wd/hub/session/e7ee2d0f-16fd-4995-b9af-34f382341d9f/screenshot [39m[32m200[39m [90m2013 ms - 330062[39m
[35m[HTTP][39m [90m[39m
[35m[HTTP][39m [37m-->[39m [37mGET[39m [37m/wd/hub/session/e7ee2d0f-16fd-4995-b9af-34f382341d9f/source[39m
[35m[HTTP][39m [90m{}[39m
[35m[HTTP][39m [37m<-- GET /wd/hub/session/e7ee2d0f-16fd-4995-b9af-34f382341d9f/source [39m[32m200[39m [90m247 ms - 49936[39m
[35m[HTTP][39m [90m[39m
[35m[HTTP][39m [37m-->[39m [37mGET[39m [37m/wd/hub/session/e7ee2d0f-16fd-4995-b9af-34f382341d9f/screenshot[39m
[35m[HTTP][39m [90m{}[39m
[35m[HTTP][39m [37m<-- GET /wd/hub/session/e7ee2d0f-16fd-4995-b9af-34f382341d9f/screenshot [39m[32m200[39m [90m1678 ms - 331710[39m
[35m[HTTP][39m [90m[39m
[35m[HTTP][39m [37m-->[39m [37mGET[39m [37m/wd/hub/session/e7ee2d0f-16fd-4995-b9af-34f382341d9f/source[39m
[35m[HTTP][39m [90m{}[39m
[35m[HTTP][39m [37m<-- GET /wd/hub/session/e7ee2d0f-16fd-4995-b9af-34f382341d9f/source [39m[32m200[39m [90m92 ms - 7736[39m
[35m[HTTP][39m [90m[39m
[35m[HTTP][39m [37m-->[39m [37mGET[39m [37m/wd/hub/session/e7ee2d0f-16fd-4995-b9af-34f382341d9f/screenshot[39m
[35m[HTTP][39m [90m{}[39m
[35m[HTTP][39m [37m<-- GET /wd/hub/session/e7ee2d0f-16fd-4995-b9af-34f382341d9f/screenshot [39m[32m200[39m [90m1881 ms - 289986[39m
[35m[HTTP][39m [90m[39m
[35m[Appium][39m Closing session, cause was 'UiAUtomator shut down unexpectedly'
[35m[Appium][39m Removing session e7ee2d0f-16fd-4995-b9af-34f382341d9f from our master session list
[35m[AndroidBootstrap][39m Cannot shut down Android bootstrap; it has already shut down
[35m[HTTP][39m [37m-->[39m [37mDELETE[39m [37m/wd/hub/session/e7ee2d0f-16fd-4995-b9af-34f382341d9f[39m
[35m[HTTP][39m [90m{}[39m
[35m[HTTP][39m [37m<-- DELETE /wd/hub/session/e7ee2d0f-16fd-4995-b9af-34f382341d9f [39m[33m404[39m [90m4538 ms - 8321[39m
[35m[HTTP][39m [90m[39m
[35m[HTTP][39m [37m-->[39m [37mDELETE[39m [37m/wd/hub/session/e7ee2d0f-16fd-4995-b9af-34f382341d9f[39m
[35m[HTTP][39m [90m{}[39m
